{
  "stats": {
    "suites": 1,
    "tests": 2,
    "passes": 2,
    "pending": 0,
    "failures": 0,
    "start": "2025-01-23T22:54:30.303Z",
    "end": "2025-01-23T22:54:35.048Z",
    "duration": 4745,
    "testsRegistered": 2,
    "passPercent": 100,
    "pendingPercent": 0,
    "other": 0,
    "hasOther": false,
    "skipped": 0,
    "hasSkipped": false
  },
  "results": [
    {
      "uuid": "3eef6646-c9af-4728-be7c-b2f83398b4cc",
      "title": "",
      "fullFile": "cypress\\e2e\\exercises-cap2.cy.ts",
      "file": "cypress\\e2e\\exercises-cap2.cy.ts",
      "beforeHooks": [],
      "afterHooks": [],
      "tests": [],
      "suites": [
        {
          "uuid": "4e5f8029-2cdb-465a-b921-9b35303a21a6",
          "title": "exercises module 2",
          "fullFile": "",
          "file": "",
          "beforeHooks": [],
          "afterHooks": [],
          "tests": [
            {
              "title": "should do the visits exercises",
              "fullTitle": "exercises module 2 should do the visits exercises",
              "timedOut": null,
              "duration": 996,
              "state": "passed",
              "speed": "fast",
              "pass": true,
              "fail": false,
              "pending": false,
              "context": null,
              "code": "cy.title().should(\"contain\", \"AdoPet\"),\n    cy.contains(\"p\", \"Quem ama adota!\").should(\"be.visible\");\ncy.contains(\"p\", \"Adotar pode mudar uma vida. Que tal buscar seu novo melhor amigo hoje? Vem com a gente!\").should(\"be.visible\");",
              "err": {},
              "uuid": "96a0195d-758a-4f73-b765-459ec9bfad83",
              "parentUUID": "4e5f8029-2cdb-465a-b921-9b35303a21a6",
              "isHook": false,
              "skipped": false
            },
            {
              "title": "should login with a different flow",
              "fullTitle": "exercises module 2 should login with a different flow",
              "timedOut": null,
              "duration": 2226,
              "state": "passed",
              "speed": "fast",
              "pass": true,
              "fail": false,
              "pending": false,
              "context": null,
              "code": "cy.get(\"a.header__message\").click();\ncy.url().should(\"contain\", \"/login\");\ncy.login({ email: \"boynerd@outlook.com\", password: \"Senha12345\" });\ncy.url().should(\"contain\", \"/home\");",
              "err": {},
              "uuid": "ad4c0a2e-b9af-4c77-87b0-75c8d9f7d0ff",
              "parentUUID": "4e5f8029-2cdb-465a-b921-9b35303a21a6",
              "isHook": false,
              "skipped": false
            }
          ],
          "suites": [],
          "passes": [
            "96a0195d-758a-4f73-b765-459ec9bfad83",
            "ad4c0a2e-b9af-4c77-87b0-75c8d9f7d0ff"
          ],
          "failures": [],
          "pending": [],
          "skipped": [],
          "duration": 3222,
          "root": false,
          "rootEmpty": false,
          "_timeout": 2000
        }
      ],
      "passes": [],
      "failures": [],
      "pending": [],
      "skipped": [],
      "duration": 0,
      "root": true,
      "rootEmpty": true,
      "_timeout": 2000
    }
  ],
  "meta": {
    "mocha": {
      "version": "7.0.1"
    },
    "mochawesome": {
      "options": {
        "quiet": false,
        "reportFilename": "mochawesome",
        "saveHtml": true,
        "saveJson": true,
        "consoleReporter": "spec",
        "useInlineDiffs": false,
        "code": true
      },
      "version": "7.1.3"
    },
    "marge": {
      "options": {
        "reportDir": "cypress/results",
        "overwrite": false,
        "html": true,
        "json": true,
        "timestamp": "mmddyyyy_HHMMss"
      },
      "version": "6.2.0"
    }
  }
}