{
  "stats": {
    "suites": 1,
    "tests": 3,
    "passes": 3,
    "pending": 0,
    "failures": 0,
    "start": "2025-01-23T22:54:45.685Z",
    "end": "2025-01-23T22:54:53.348Z",
    "duration": 7663,
    "testsRegistered": 3,
    "passPercent": 100,
    "pendingPercent": 0,
    "other": 0,
    "hasOther": false,
    "skipped": 0,
    "hasSkipped": false
  },
  "results": [
    {
      "uuid": "f4437724-89ba-4981-ab98-adcbbe44ceff",
      "title": "",
      "fullFile": "cypress\\e2e\\signUp.cy.ts",
      "file": "cypress\\e2e\\signUp.cy.ts",
      "beforeHooks": [],
      "afterHooks": [],
      "tests": [],
      "suites": [
        {
          "uuid": "2b881124-7b0f-4103-9cb4-de6ab8c7a2d4",
          "title": "SignUp",
          "fullFile": "",
          "file": "",
          "beforeHooks": [],
          "afterHooks": [],
          "tests": [
            {
              "title": "Should signup an user",
              "fullTitle": "SignUp Should signup an user",
              "timedOut": null,
              "duration": 2608,
              "state": "passed",
              "speed": "fast",
              "pass": true,
              "fail": false,
              "pending": false,
              "context": null,
              "code": "cy.signUp({\n    name: \"Marjorie Estiano\",\n    email: \"marjorie2@email.com\",\n    password: \"Senha123\",\n    confirmPasword: \"Senha123\",\n});",
              "err": {},
              "uuid": "acbbaef5-59a9-4444-860c-7f2b95fe1066",
              "parentUUID": "2b881124-7b0f-4103-9cb4-de6ab8c7a2d4",
              "isHook": false,
              "skipped": false
            },
            {
              "title": "Should signup an existing user",
              "fullTitle": "SignUp Should signup an existing user",
              "timedOut": null,
              "duration": 2837,
              "state": "passed",
              "speed": "fast",
              "pass": true,
              "fail": false,
              "pending": false,
              "context": null,
              "code": "cy.signUp({\n    name: \"Marcos\",\n    email: \"boynerd@outlook.com\",\n    password: \"Senha12345\",\n    confirmPasword: \"Senha12345\",\n});\ncy.contains(\"p\", \"Falha ao cadastrar!\");",
              "err": {},
              "uuid": "4ebc8a24-9a0e-4a96-9552-9d97e55ec4f0",
              "parentUUID": "2b881124-7b0f-4103-9cb4-de6ab8c7a2d4",
              "isHook": false,
              "skipped": false
            },
            {
              "title": "Should submit wrong format data",
              "fullTitle": "SignUp Should submit wrong format data",
              "timedOut": null,
              "duration": 1246,
              "state": "passed",
              "speed": "fast",
              "pass": true,
              "fail": false,
              "pending": false,
              "context": null,
              "code": "cy.get('[data-test=\"submit-button\"]').click();\ncy.contains(\"É necessário informar um endereço de email\").should(\"be.visible\");\ncy.contains(\"Crie uma senha\").should(\"be.visible\");\ncy.contains(\"Repita a senha criada acima\").should(\"be.visible\");",
              "err": {},
              "uuid": "e0311209-4468-442a-92a0-1712049a801c",
              "parentUUID": "2b881124-7b0f-4103-9cb4-de6ab8c7a2d4",
              "isHook": false,
              "skipped": false
            }
          ],
          "suites": [],
          "passes": [
            "acbbaef5-59a9-4444-860c-7f2b95fe1066",
            "4ebc8a24-9a0e-4a96-9552-9d97e55ec4f0",
            "e0311209-4468-442a-92a0-1712049a801c"
          ],
          "failures": [],
          "pending": [],
          "skipped": [],
          "duration": 6691,
          "root": false,
          "rootEmpty": false,
          "_timeout": 2000
        }
      ],
      "passes": [],
      "failures": [],
      "pending": [],
      "skipped": [],
      "duration": 0,
      "root": true,
      "rootEmpty": true,
      "_timeout": 2000
    }
  ],
  "meta": {
    "mocha": {
      "version": "7.0.1"
    },
    "mochawesome": {
      "options": {
        "quiet": false,
        "reportFilename": "mochawesome",
        "saveHtml": true,
        "saveJson": true,
        "consoleReporter": "spec",
        "useInlineDiffs": false,
        "code": true
      },
      "version": "7.1.3"
    },
    "marge": {
      "options": {
        "reportDir": "cypress/results",
        "overwrite": false,
        "html": true,
        "json": true,
        "timestamp": "mmddyyyy_HHMMss"
      },
      "version": "6.2.0"
    }
  }
}