{
  "stats": {
    "suites": 1,
    "tests": 2,
    "passes": 2,
    "pending": 0,
    "failures": 0,
    "start": "2025-01-23T22:54:37.552Z",
    "end": "2025-01-23T22:54:43.264Z",
    "duration": 5712,
    "testsRegistered": 2,
    "passPercent": 100,
    "pendingPercent": 0,
    "other": 0,
    "hasOther": false,
    "skipped": 0,
    "hasSkipped": false
  },
  "results": [
    {
      "uuid": "42a6caca-e5f0-4a61-8476-8fff43d8be0b",
      "title": "",
      "fullFile": "cypress\\e2e\\login.cy.ts",
      "file": "cypress\\e2e\\login.cy.ts",
      "beforeHooks": [],
      "afterHooks": [],
      "tests": [],
      "suites": [
        {
          "uuid": "fbffe187-3e97-4d04-9de4-fe128faeb238",
          "title": "login",
          "fullFile": "",
          "file": "",
          "beforeHooks": [],
          "afterHooks": [],
          "tests": [
            {
              "title": "should login correctly a user",
              "fullTitle": "login should login correctly a user",
              "timedOut": null,
              "duration": 2751,
              "state": "passed",
              "speed": "fast",
              "pass": true,
              "fail": false,
              "pending": false,
              "context": null,
              "code": "cy.login({ email: \"ana@email.com\", password: \"Senha123\" });\ncy.url().should(\"include\", \"/home\");",
              "err": {},
              "uuid": "e581ebb5-0cbb-44cb-aec3-a210f933f608",
              "parentUUID": "fbffe187-3e97-4d04-9de4-fe128faeb238",
              "isHook": false,
              "skipped": false
            },
            {
              "title": "should submit wrong format data",
              "fullTitle": "login should submit wrong format data",
              "timedOut": null,
              "duration": 1988,
              "state": "passed",
              "speed": "fast",
              "pass": true,
              "fail": false,
              "pending": false,
              "context": null,
              "code": "cy.login({ email: \"wrongemail\", password: \"wrongpassword\" });\ncy.contains(\"p.error\", \"Por favor, verifique o email digitado\").should(\"be.visible\");\ncy.contains(\"p.error\", \"A senha deve conter pelo menos uma letra maiúscula, um número e ter entre 6 e 15 caracteres\").should(\"be.visible\");",
              "err": {},
              "uuid": "dcd35064-a7ca-48c2-bead-b65b2584a38c",
              "parentUUID": "fbffe187-3e97-4d04-9de4-fe128faeb238",
              "isHook": false,
              "skipped": false
            }
          ],
          "suites": [],
          "passes": [
            "e581ebb5-0cbb-44cb-aec3-a210f933f608",
            "dcd35064-a7ca-48c2-bead-b65b2584a38c"
          ],
          "failures": [],
          "pending": [],
          "skipped": [],
          "duration": 4739,
          "root": false,
          "rootEmpty": false,
          "_timeout": 2000
        }
      ],
      "passes": [],
      "failures": [],
      "pending": [],
      "skipped": [],
      "duration": 0,
      "root": true,
      "rootEmpty": true,
      "_timeout": 2000
    }
  ],
  "meta": {
    "mocha": {
      "version": "7.0.1"
    },
    "mochawesome": {
      "options": {
        "quiet": false,
        "reportFilename": "mochawesome",
        "saveHtml": true,
        "saveJson": true,
        "consoleReporter": "spec",
        "useInlineDiffs": false,
        "code": true
      },
      "version": "7.1.3"
    },
    "marge": {
      "options": {
        "reportDir": "cypress/results",
        "overwrite": false,
        "html": true,
        "json": true,
        "timestamp": "mmddyyyy_HHMMss"
      },
      "version": "6.2.0"
    }
  }
}